0 info it worked if it ends with ok
1 verbose cli [ '/home/ubuntu/.nvm/v0.10.35/bin/node',
1 verbose cli   '/home/ubuntu/.nvm/v0.10.35/bin/npm',
1 verbose cli   'shrinkwrap' ]
2 info using npm@1.4.28
3 info using node@v0.10.35
4 error Error: Problems were encountered
4 error Please correct and try again.
4 error missing: body-parser@^1.8.4, required by workspace@0.0.0
4 error missing: morgan@^1.3.2, required by workspace@0.0.0
4 error missing: nunjucks@^1.1.0, required by workspace@0.0.0
4 error missing: strftime@^0.8.2, required by workspace@0.0.0
4 error missing: validator@^3.19.1, required by workspace@0.0.0
4 error     at shrinkwrap_ (/home/ubuntu/.nvm/v0.10.35/lib/node_modules/npm/lib/shrinkwrap.js:30:15)
4 error     at /home/ubuntu/.nvm/v0.10.35/lib/node_modules/npm/lib/shrinkwrap.js:24:5
4 error     at /home/ubuntu/.nvm/v0.10.35/lib/node_modules/npm/lib/ls.js:45:30
4 error     at /home/ubuntu/.nvm/v0.10.35/lib/node_modules/npm/node_modules/read-installed/read-installed.js:130:5
4 error     at /home/ubuntu/.nvm/v0.10.35/lib/node_modules/npm/node_modules/read-installed/read-installed.js:244:14
4 error     at cb (/home/ubuntu/.nvm/v0.10.35/lib/node_modules/npm/node_modules/slide/lib/async-map.js:47:24)
4 error     at /home/ubuntu/.nvm/v0.10.35/lib/node_modules/npm/node_modules/read-installed/read-installed.js:244:14
4 error     at cb (/home/ubuntu/.nvm/v0.10.35/lib/node_modules/npm/node_modules/slide/lib/async-map.js:47:24)
4 error     at /home/ubuntu/.nvm/v0.10.35/lib/node_modules/npm/node_modules/read-installed/read-installed.js:244:14
4 error     at cb (/home/ubuntu/.nvm/v0.10.35/lib/node_modules/npm/node_modules/slide/lib/async-map.js:47:24)
5 error If you need help, you may report this *entire* log,
5 error including the npm and node versions, at:
5 error     <http://github.com/npm/npm/issues>
6 error System Linux 3.14.13-c9
7 error command "/home/ubuntu/.nvm/v0.10.35/bin/node" "/home/ubuntu/.nvm/v0.10.35/bin/npm" "shrinkwrap"
8 error cwd /home/ubuntu/workspace
9 error node -v v0.10.35
10 error npm -v 1.4.28
11 verbose exit [ 1, true ]
